Array
(
    [PRODUCT_ROWS] => Array
        (
        )

    [OBSERVER_IDS] => Array
        (
        )

    [UF_CRM_1714384199958] => Array
        (
        )

    [COMMENTS] => 
    [CONTACT_BINDINGS] => Array
        (
            [0] => Array
                (
                    [CONTACT_ID] => 26
                    [SORT] => 10
                    [ROLE_ID] => 0
                    [IS_PRIMARY] => Y
                )

        )

    [CONTACT_IDS] => Array
        (
            [0] => 26
        )

    [CONTACT_ID] => 26
    [UTM_SOURCE] => 
    [UTM_MEDIUM] => 
    [UTM_CAMPAIGN] => 
    [UTM_CONTENT] => 
    [UTM_TERM] => 
    [ID] => 41
    [DATE_CREATE] => 07.05.2024 23:06:33
    [DATE_CREATE_SHORT] => 
    [DATE_MODIFY] => 09.05.2024 19:54:15
    [DATE_MODIFY_SHORT] => 
    [CREATED_BY_ID] => 1
    [MODIFY_BY_ID] => 1
    [ASSIGNED_BY_ID] => 1
    [OPENED] => Y
    [LEAD_ID] => 
    [COMPANY_ID] => 
    [QUOTE_ID] => 
    [TITLE] => Заявка от Александр Бессонов на мероприятие: Обычное мероприятие
    [PRODUCT_ID] => 
    [CATEGORY_ID] => 0
    [STAGE_ID] => EXECUTING
    [STAGE_SEMANTIC_ID] => P
    [IS_NEW] => N
    [IS_RECURRING] => N
    [IS_RETURN_CUSTOMER] => N
    [IS_REPEATED_APPROACH] => N
    [CLOSED] => N
    [TYPE_ID] => 
    [OPPORTUNITY] => 
    [IS_MANUAL_OPPORTUNITY] => N
    [TAX_VALUE] => 0
    [CURRENCY_ID] => RUB
    [OPPORTUNITY_ACCOUNT] => 0
    [TAX_VALUE_ACCOUNT] => 0
    [ACCOUNT_CURRENCY_ID] => RUB
    [PROBABILITY] => 
    [BEGINDATE] => 07.05.2024
    [BEGINDATE_SHORT] => 
    [CLOSEDATE] => 15.05.2024
    [CLOSEDATE_SHORT] => 
    [EVENT_DATE] => 
    [EVENT_DATE_SHORT] => 
    [EVENT_ID] => 
    [EVENT_DESCRIPTION] => 
    [EXCH_RATE] => 1
    [LOCATION_ID] => 
    [WEBFORM_ID] => 0
    [SOURCE_ID] => 
    [SOURCE_DESCRIPTION] => 
    [ORIGINATOR_ID] => 
    [ORIGIN_ID] => 
    [ADDITIONAL_INFO] => 
    [SEARCH_CONTENT] => 41 Заявка от Александр Бессонов на мероприятие: Обычное мероприятие Российский рубль Иван Иванов Александр Бессонов 79506548786 89506548786 9506548786 506548786 06548786 6548786 548786 48786 8786 786 avxjbbpunpu22 lnaqrk eh Анкета получена 07.05.2024 15.05.2024 Обычное мероприятие dd djdr 33 Вебинар
    [ORDER_STAGE] => 
    [MOVED_BY_ID] => 1
    [MOVED_TIME] => 09.05.2024 19:54:15
    [LAST_ACTIVITY_BY] => 1
    [LAST_ACTIVITY_TIME] => 07.05.2024 23:06:33
    [IS_WORK] => 
    [IS_WON] => 
    [IS_LOSE] => 
    [RECEIVED_AMOUNT] => 
    [LOST_AMOUNT] => 
    [HAS_PRODUCTS] => 
    [UF_CRM_1714383229] => 
    [UF_CRM_1714384170687] => 
    [UF_CRM_1714385154221] => 
    [UF_CRM_1714407338632] => 
    [UF_CRM_1714413602] => 
    [UF_CRM_1715095269916] => Обычное мероприятие qq qwqe
    [UF_CRM_1715095348605] => 33
    [UF_CRM_1715095364223] => Вебинар
    [UF_CRM_1715095402128] => 
    [UF_CRM_1714384199958_SINGLE] => 
)
Array
(
    [PRODUCT_ROWS] => Array
        (
        )

    [OBSERVER_IDS] => Array
        (
        )

    [UF_CRM_1714384199958] => Array
        (
        )

    [COMMENTS] => 
    [CONTACT_BINDINGS] => Array
        (
            [0] => Array
                (
                    [CONTACT_ID] => 26
                    [SORT] => 10
                    [ROLE_ID] => 0
                    [IS_PRIMARY] => Y
                )

        )

    [CONTACT_IDS] => Array
        (
            [0] => 26
        )

    [CONTACT_ID] => 26
    [UTM_SOURCE] => 
    [UTM_MEDIUM] => 
    [UTM_CAMPAIGN] => 
    [UTM_CONTENT] => 
    [UTM_TERM] => 
    [ID] => 41
    [DATE_CREATE] => 07.05.2024 23:06:33
    [DATE_CREATE_SHORT] => 
    [DATE_MODIFY] => 09.05.2024 19:55:26
    [DATE_MODIFY_SHORT] => 
    [CREATED_BY_ID] => 1
    [MODIFY_BY_ID] => 1
    [ASSIGNED_BY_ID] => 1
    [OPENED] => Y
    [LEAD_ID] => 
    [COMPANY_ID] => 
    [QUOTE_ID] => 
    [TITLE] => Заявка от Александр Бессонов на мероприятие: Обычное мероприятие
    [PRODUCT_ID] => 
    [CATEGORY_ID] => 0
    [STAGE_ID] => FINAL_INVOICE
    [STAGE_SEMANTIC_ID] => P
    [IS_NEW] => N
    [IS_RECURRING] => N
    [IS_RETURN_CUSTOMER] => N
    [IS_REPEATED_APPROACH] => N
    [CLOSED] => N
    [TYPE_ID] => 
    [OPPORTUNITY] => 
    [IS_MANUAL_OPPORTUNITY] => N
    [TAX_VALUE] => 0
    [CURRENCY_ID] => RUB
    [OPPORTUNITY_ACCOUNT] => 0
    [TAX_VALUE_ACCOUNT] => 0
    [ACCOUNT_CURRENCY_ID] => RUB
    [PROBABILITY] => 
    [BEGINDATE] => 07.05.2024
    [BEGINDATE_SHORT] => 
    [CLOSEDATE] => 15.05.2024
    [CLOSEDATE_SHORT] => 
    [EVENT_DATE] => 
    [EVENT_DATE_SHORT] => 
    [EVENT_ID] => 
    [EVENT_DESCRIPTION] => 
    [EXCH_RATE] => 1
    [LOCATION_ID] => 
    [WEBFORM_ID] => 0
    [SOURCE_ID] => 
    [SOURCE_DESCRIPTION] => 
    [ORIGINATOR_ID] => 
    [ORIGIN_ID] => 
    [ADDITIONAL_INFO] => 
    [SEARCH_CONTENT] => 41 Заявка от Александр Бессонов на мероприятие: Обычное мероприятие Российский рубль Иван Иванов Александр Бессонов 79506548786 89506548786 9506548786 506548786 06548786 6548786 548786 48786 8786 786 avxjbbpunpu22 lnaqrk eh Договор отправлен 07.05.2024 15.05.2024 Обычное мероприятие dd djdr 33 Вебинар
    [ORDER_STAGE] => 
    [MOVED_BY_ID] => 1
    [MOVED_TIME] => 09.05.2024 19:55:26
    [LAST_ACTIVITY_BY] => 1
    [LAST_ACTIVITY_TIME] => 07.05.2024 23:06:33
    [IS_WORK] => 
    [IS_WON] => 
    [IS_LOSE] => 
    [RECEIVED_AMOUNT] => 
    [LOST_AMOUNT] => 
    [HAS_PRODUCTS] => 
    [UF_CRM_1714383229] => 
    [UF_CRM_1714384170687] => 
    [UF_CRM_1714385154221] => 
    [UF_CRM_1714407338632] => 
    [UF_CRM_1714413602] => 
    [UF_CRM_1715095269916] => Обычное мероприятие qq qwqe
    [UF_CRM_1715095348605] => 33
    [UF_CRM_1715095364223] => Вебинар
    [UF_CRM_1715095402128] => 
    [UF_CRM_1714384199958_SINGLE] => 
)
